<?xml version="1.0" encoding="UTF-8"?>

<beans xmlns="http://www.springframework.org/schema/beans"
	xmlns:p="http://www.springframework.org/schema/p" xmlns:mvc="http://www.springframework.org/schema/mvc"
	xmlns:context="http://www.springframework.org/schema/context"
	xmlns:xsi="http://www.w3.org/2001/XMLSchema-instance" xmlns:tx="http://www.springframework.org/schema/tx"
	xsi:schemaLocation="
        http://www.springframework.org/schema/beans     
        http://www.springframework.org/schema/beans/spring-beans-3.0.xsd
        http://www.springframework.org/schema/mvc 
        http://www.springframework.org/schema/mvc/spring-mvc-3.0.xsd
        http://www.springframework.org/schema/context 
        http://www.springframework.org/schema/context/spring-context-3.0.xsd
        http://www.springframework.org/schema/tx 
        http://www.springframework.org/schema/tx/spring-tx-3.0.xsd">

	<!-- DataBase ORM -->
	<context:property-placeholder location="classpath:hibernate/test-data-access.properties"
		system-properties-mode="OVERRIDE" />

	<!-- Enables scanning for @Transactional annotations -->
	<tx:annotation-driven />

	<bean id="dataSource" class="com.mchange.v2.c3p0.ComboPooledDataSource">
		<property name="driverClass" value="${jdbc.driverClassName}" />
		<property name="jdbcUrl" value="${jdbc.url}" />
		<property name="user" value="root" />
		<property name="password" value="root" />
		
		<property name="acquireIncrement" value="2" />
		<property name="minPoolSize" value="10" />
		<property name="maxPoolSize" value="50" />
		<property name="checkoutTimeout" value="300" />
		<property name="maxIdleTime" value="3000" />
		</bean>
	
	<bean id="sessionFactory"
		class="org.springframework.orm.hibernate4.LocalSessionFactoryBean">
		<property name="dataSource" ref="dataSource" />
		<property name="packagesToScan">
		    <list>
		        <value>com.jqgrid.persistence.model</value>
		    </list>
		</property>
		
		<property name="hibernateProperties">
			<map>	
				<entry key="hibernate.format_sql" value="true"/>
				<entry key="hibernate.show_sql" value="true"/>
				<entry key="hibernate.dialect" value="${hibernate.dialect}"/>
				<entry key="hibernate.hbm2ddl.auto" value="create"/>
			</map>	
		</property>
	</bean>
	
	<bean id="transactionManager"
		class="org.springframework.orm.hibernate4.HibernateTransactionManager"
		depends-on="sessionFactory">
		<property name="sessionFactory" ref="sessionFactory"></property>
		<property name="dataSource" ref="dataSource"></property>
	</bean>
	
	<!-- Translates Hibernate exceptions to Spring Data Access Exceptions -->
	<bean class="org.springframework.orm.hibernate4.HibernateExceptionTranslator"/>
</beans>
